<?xml version="1.0" encoding="UTF-8"?>
<!-- Generated by org.testng.reporters.JUnitReportReporter -->
<testsuite hostname="DESKTOP-6S6A9LA" failures="0" tests="1" name="JenkinsDemo.JenkinsDemo.OpenUrl" time="10.872" errors="0" timestamp="2022-04-09T12:17:26 IST" skipped="0">
  <testcase classname="JenkinsDemo.JenkinsDemo.OpenUrl" name="OpenDriverDemo" time="10.872"/>
  <system-out/>
</testsuite> <!-- JenkinsDemo.JenkinsDemo.OpenUrl -->
